<?xml version="1.0" encoding="UTF-8"?>
<testng-results skipped="0" failed="1" ignored="0" total="5" passed="4">
  <reporter-output>
  </reporter-output>
  <suite name="Default suite" duration-ms="18745" started-at="2019-09-04T01:58:13Z" finished-at="2019-09-04T01:58:31Z">
    <groups>
    </groups>
    <test name="Default test" duration-ms="18745" started-at="2019-09-04T01:58:13Z" finished-at="2019-09-04T01:58:31Z">
      <class name="TestCases">
        <test-method status="PASS" signature="LaunchBrowser()[pri:1, instance:TestCases@8bd1b6a]" name="LaunchBrowser" duration-ms="8133" started-at="2019-09-04T01:58:13Z" finished-at="2019-09-04T01:58:21Z">
          <reporter-output>
          </reporter-output>
        </test-method> <!-- LaunchBrowser -->
        <test-method status="PASS" signature="GettheURL()[pri:2, instance:TestCases@8bd1b6a]" name="GettheURL" duration-ms="3235" started-at="2019-09-04T01:58:21Z" finished-at="2019-09-04T01:58:24Z">
          <reporter-output>
          </reporter-output>
        </test-method> <!-- GettheURL -->
        <test-method status="FAIL" signature="GetUserNameandPassword()[pri:3, instance:TestCases@8bd1b6a]" name="GetUserNameandPassword" duration-ms="6078" started-at="2019-09-04T01:58:24Z" finished-at="2019-09-04T01:58:30Z">
          <exception class="java.lang.AssertionError">
            <message>
              <![CDATA[expected [Pega Designer Studio] but found [Pega Desgner Studio]]]>
            </message>
            <full-stacktrace>
              <![CDATA[java.lang.AssertionError: expected [Pega Designer Studio] but found [Pega Desgner Studio]
at org.testng.Assert.fail(Assert.java:96)
at org.testng.Assert.failNotEquals(Assert.java:776)
at org.testng.Assert.assertEqualsImpl(Assert.java:137)
at org.testng.Assert.assertEquals(Assert.java:118)
at org.testng.Assert.assertEquals(Assert.java:453)
at org.testng.Assert.assertEquals(Assert.java:463)
at TestCases.GetUserNameandPassword(TestCases.java:31)
at sun.reflect.NativeMethodAccessorImpl.invoke0(Native Method)
at sun.reflect.NativeMethodAccessorImpl.invoke(NativeMethodAccessorImpl.java:62)
at sun.reflect.DelegatingMethodAccessorImpl.invoke(DelegatingMethodAccessorImpl.java:43)
at java.lang.reflect.Method.invoke(Method.java:497)
at org.testng.internal.MethodInvocationHelper.invokeMethod(MethodInvocationHelper.java:124)
at org.testng.internal.Invoker.invokeMethod(Invoker.java:583)
at org.testng.internal.Invoker.invokeTestMethod(Invoker.java:719)
at org.testng.internal.Invoker.invokeTestMethods(Invoker.java:989)
at org.testng.internal.TestMethodWorker.invokeTestMethods(TestMethodWorker.java:125)
at org.testng.internal.TestMethodWorker.run(TestMethodWorker.java:109)
at org.testng.TestRunner.privateRun(TestRunner.java:648)
at org.testng.TestRunner.run(TestRunner.java:505)
at org.testng.SuiteRunner.runTest(SuiteRunner.java:455)
at org.testng.SuiteRunner.runSequentially(SuiteRunner.java:450)
at org.testng.SuiteRunner.privateRun(SuiteRunner.java:415)
at org.testng.SuiteRunner.run(SuiteRunner.java:364)
at org.testng.SuiteRunnerWorker.runSuite(SuiteRunnerWorker.java:52)
at org.testng.SuiteRunnerWorker.run(SuiteRunnerWorker.java:84)
at org.testng.TestNG.runSuitesSequentially(TestNG.java:1208)
at org.testng.TestNG.runSuitesLocally(TestNG.java:1137)
at org.testng.TestNG.runSuites(TestNG.java:1049)
at org.testng.TestNG.run(TestNG.java:1017)
at org.testng.remote.AbstractRemoteTestNG.run(AbstractRemoteTestNG.java:132)
at org.testng.remote.RemoteTestNG.initAndRun(RemoteTestNG.java:236)
at org.testng.remote.RemoteTestNG.main(RemoteTestNG.java:81)
]]>
            </full-stacktrace>
          </exception> <!-- java.lang.AssertionError -->
          <reporter-output>
          </reporter-output>
        </test-method> <!-- GetUserNameandPassword -->
        <test-method status="PASS" signature="GetLog()[pri:4, instance:TestCases@8bd1b6a]" name="GetLog" duration-ms="166" started-at="2019-09-04T01:58:30Z" finished-at="2019-09-04T01:58:30Z">
          <reporter-output>
          </reporter-output>
        </test-method> <!-- GetLog -->
        <test-method status="PASS" signature="CloseBrowser()[pri:5, instance:TestCases@8bd1b6a]" name="CloseBrowser" duration-ms="1057" started-at="2019-09-04T01:58:30Z" finished-at="2019-09-04T01:58:31Z">
          <reporter-output>
          </reporter-output>
        </test-method> <!-- CloseBrowser -->
      </class> <!-- TestCases -->
    </test> <!-- Default test -->
  </suite> <!-- Default suite -->
</testng-results>
